2026-02-21T08:35:54.513+05:30  INFO 18248 --- [appointment-booking] [main] c.i.a.AppointmentBookingApplication      : Starting AppointmentBookingApplication using Java 17.0.12 with PID 18248 (D:\ikhodal-automotive\ikhodal-automotive\backend\appointment-booking\target\classes started by alisk in D:\ikhodal-automotive\ikhodal-automotive\backend\appointment-booking)
2026-02-21T08:35:54.524+05:30  INFO 18248 --- [appointment-booking] [main] c.i.a.AppointmentBookingApplication      : No active profile set, falling back to 1 default profile: "default"
2026-02-21T08:35:56.415+05:30  INFO 18248 --- [appointment-booking] [main] .s.d.r.c.RepositoryConfigurationDelegate : Bootstrapping Spring Data JPA repositories in DEFAULT mode.
2026-02-21T08:35:56.622+05:30  INFO 18248 --- [appointment-booking] [main] .s.d.r.c.RepositoryConfigurationDelegate : Finished Spring Data repository scanning in 193 ms. Found 11 JPA repository interfaces.
2026-02-21T08:35:57.708+05:30  INFO 18248 --- [appointment-booking] [main] o.s.b.w.embedded.tomcat.TomcatWebServer  : Tomcat initialized with port 8082 (http)
2026-02-21T08:35:57.737+05:30  INFO 18248 --- [appointment-booking] [main] o.apache.catalina.core.StandardService   : Starting service [Tomcat]
2026-02-21T08:35:57.738+05:30  INFO 18248 --- [appointment-booking] [main] o.apache.catalina.core.StandardEngine    : Starting Servlet engine: [Apache Tomcat/10.1.50]
2026-02-21T08:35:57.851+05:30  INFO 18248 --- [appointment-booking] [main] o.a.c.c.C.[Tomcat].[localhost].[/]       : Initializing Spring embedded WebApplicationContext
2026-02-21T08:35:57.852+05:30  INFO 18248 --- [appointment-booking] [main] w.s.c.ServletWebServerApplicationContext : Root WebApplicationContext: initialization completed in 3227 ms
2026-02-21T08:35:58.277+05:30  INFO 18248 --- [appointment-booking] [main] o.hibernate.jpa.internal.util.LogHelper  : HHH000204: Processing PersistenceUnitInfo [name: default]
2026-02-21T08:35:58.399+05:30  INFO 18248 --- [appointment-booking] [main] org.hibernate.Version                    : HHH000412: Hibernate ORM core version 6.6.39.Final
2026-02-21T08:35:58.462+05:30  INFO 18248 --- [appointment-booking] [main] o.h.c.internal.RegionFactoryInitiator    : HHH000026: Second-level cache disabled
2026-02-21T08:35:59.093+05:30  INFO 18248 --- [appointment-booking] [main] o.s.o.j.p.SpringPersistenceUnitInfo      : No LoadTimeWeaver setup: ignoring JPA class transformer
2026-02-21T08:35:59.174+05:30  INFO 18248 --- [appointment-booking] [main] com.zaxxer.hikari.HikariDataSource       : HikariPool-1 - Starting...
2026-02-21T08:35:59.630+05:30  INFO 18248 --- [appointment-booking] [main] com.zaxxer.hikari.pool.HikariPool        : HikariPool-1 - Added connection com.mysql.cj.jdbc.ConnectionImpl@652b3733
2026-02-21T08:35:59.651+05:30  INFO 18248 --- [appointment-booking] [main] com.zaxxer.hikari.HikariDataSource       : HikariPool-1 - Start completed.
2026-02-21T08:35:59.773+05:30  WARN 18248 --- [appointment-booking] [main] org.hibernate.orm.deprecation            : HHH90000025: MySQL8Dialect does not need to be specified explicitly using 'hibernate.dialect' (remove the property setting and it will be selected by default)
2026-02-21T08:35:59.776+05:30  WARN 18248 --- [appointment-booking] [main] org.hibernate.orm.deprecation            : HHH90000026: MySQL8Dialect has been deprecated; use org.hibernate.dialect.MySQLDialect instead
2026-02-21T08:35:59.821+05:30  INFO 18248 --- [appointment-booking] [main] org.hibernate.orm.connections.pooling    : HHH10001005: Database info:
	Database JDBC URL [Connecting through datasource 'HikariDataSource (HikariPool-1)']
	Database driver: undefined/unknown
	Database version: 8.0
	Autocommit mode: undefined/unknown
	Isolation level: undefined/unknown
	Minimum pool size: undefined/unknown
	Maximum pool size: undefined/unknown
2026-02-21T08:36:02.128+05:30  INFO 18248 --- [appointment-booking] [main] o.h.e.t.j.p.i.JtaPlatformInitiator       : HHH000489: No JTA platform available (set 'hibernate.transaction.jta.platform' to enable JTA platform integration)
2026-02-21T08:36:02.396+05:30  INFO 18248 --- [appointment-booking] [main] j.LocalContainerEntityManagerFactoryBean : Initialized JPA EntityManagerFactory for persistence unit 'default'
2026-02-21T08:36:02.413+05:30  INFO 18248 --- [appointment-booking] [main] c.i.appointment.config.StripeConfig      : Stripe API key initialized
2026-02-21T08:36:03.088+05:30  INFO 18248 --- [appointment-booking] [main] o.s.d.j.r.query.QueryEnhancerFactory     : Hibernate is in classpath; If applicable, HQL parser will be used.
2026-02-21T08:36:04.079+05:30  WARN 18248 --- [appointment-booking] [main] JpaBaseConfiguration$JpaWebConfiguration : spring.jpa.open-in-view is enabled by default. Therefore, database queries may be performed during view rendering. Explicitly configure spring.jpa.open-in-view to disable this warning
2026-02-21T08:36:04.140+05:30 DEBUG 18248 --- [appointment-booking] [main] swordEncoderAuthenticationManagerBuilder : No authenticationProviders and no parentAuthenticationManager defined. Returning null.
2026-02-21T08:36:04.576+05:30 DEBUG 18248 --- [appointment-booking] [main] o.s.s.web.DefaultSecurityFilterChain     : Will secure any request with filters: DisableEncodeUrlFilter, WebAsyncManagerIntegrationFilter, SecurityContextHolderFilter, HeaderWriterFilter, CorsFilter, LogoutFilter, JWTFilter, RequestCacheAwareFilter, SecurityContextHolderAwareRequestFilter, AnonymousAuthenticationFilter, SessionManagementFilter, ExceptionTranslationFilter, AuthorizationFilter
2026-02-21T08:36:05.018+05:30  INFO 18248 --- [appointment-booking] [main] o.s.b.w.embedded.tomcat.TomcatWebServer  : Tomcat started on port 8082 (http) with context path '/'
2026-02-21T08:36:05.030+05:30  INFO 18248 --- [appointment-booking] [main] c.i.a.AppointmentBookingApplication      : Started AppointmentBookingApplication in 11.528 seconds (process running for 12.184)
2026-02-21T08:38:11.016+05:30  INFO 18248 --- [appointment-booking] [http-nio-8082-exec-2] o.a.c.c.C.[Tomcat].[localhost].[/]       : Initializing Spring DispatcherServlet 'dispatcherServlet'
2026-02-21T08:38:11.018+05:30  INFO 18248 --- [appointment-booking] [http-nio-8082-exec-2] o.s.web.servlet.DispatcherServlet        : Initializing Servlet 'dispatcherServlet'
2026-02-21T08:38:11.020+05:30  INFO 18248 --- [appointment-booking] [http-nio-8082-exec-2] o.s.web.servlet.DispatcherServlet        : Completed initialization in 2 ms
2026-02-21T08:38:11.045+05:30 DEBUG 18248 --- [appointment-booking] [http-nio-8082-exec-1] o.s.security.web.FilterChainProxy        : Securing OPTIONS /api/cart
2026-02-21T08:38:11.045+05:30 DEBUG 18248 --- [appointment-booking] [http-nio-8082-exec-2] o.s.security.web.FilterChainProxy        : Securing OPTIONS /api/services
2026-02-21T08:38:11.081+05:30 DEBUG 18248 --- [appointment-booking] [http-nio-8082-exec-4] o.s.security.web.FilterChainProxy        : Securing GET /api/services
2026-02-21T08:38:11.081+05:30 DEBUG 18248 --- [appointment-booking] [http-nio-8082-exec-3] o.s.security.web.FilterChainProxy        : Securing GET /api/cart
2026-02-21T08:38:11.156+05:30 DEBUG 18248 --- [appointment-booking] [http-nio-8082-exec-3] o.s.s.w.a.AnonymousAuthenticationFilter  : Set SecurityContextHolder to anonymous SecurityContext
2026-02-21T08:38:11.156+05:30 DEBUG 18248 --- [appointment-booking] [http-nio-8082-exec-4] o.s.s.w.a.AnonymousAuthenticationFilter  : Set SecurityContextHolder to anonymous SecurityContext
2026-02-21T08:38:11.161+05:30 DEBUG 18248 --- [appointment-booking] [http-nio-8082-exec-4] o.s.s.w.a.Http403ForbiddenEntryPoint     : Pre-authenticated entry point called. Rejecting access
2026-02-21T08:38:11.161+05:30 DEBUG 18248 --- [appointment-booking] [http-nio-8082-exec-3] o.s.s.w.a.Http403ForbiddenEntryPoint     : Pre-authenticated entry point called. Rejecting access
2026-02-21T08:38:11.177+05:30 DEBUG 18248 --- [appointment-booking] [http-nio-8082-exec-3] o.s.security.web.FilterChainProxy        : Securing GET /error
2026-02-21T08:38:11.177+05:30 DEBUG 18248 --- [appointment-booking] [http-nio-8082-exec-4] o.s.security.web.FilterChainProxy        : Securing GET /error
2026-02-21T08:38:11.177+05:30 DEBUG 18248 --- [appointment-booking] [http-nio-8082-exec-3] o.s.security.web.FilterChainProxy        : Secured GET /error
2026-02-21T08:38:11.177+05:30 DEBUG 18248 --- [appointment-booking] [http-nio-8082-exec-4] o.s.security.web.FilterChainProxy        : Secured GET /error
2026-02-21T08:38:11.250+05:30 DEBUG 18248 --- [appointment-booking] [http-nio-8082-exec-4] o.s.s.w.a.AnonymousAuthenticationFilter  : Set SecurityContextHolder to anonymous SecurityContext
2026-02-21T08:38:11.250+05:30 DEBUG 18248 --- [appointment-booking] [http-nio-8082-exec-3] o.s.s.w.a.AnonymousAuthenticationFilter  : Set SecurityContextHolder to anonymous SecurityContext
2026-02-21T08:41:58.586+05:30 DEBUG 18248 --- [appointment-booking] [http-nio-8082-exec-8] o.s.security.web.FilterChainProxy        : Securing OPTIONS /api/auth/login
2026-02-21T08:41:58.590+05:30 DEBUG 18248 --- [appointment-booking] [http-nio-8082-exec-7] o.s.security.web.FilterChainProxy        : Securing POST /api/auth/login
2026-02-21T08:41:58.590+05:30 DEBUG 18248 --- [appointment-booking] [http-nio-8082-exec-7] o.s.s.w.a.AnonymousAuthenticationFilter  : Set SecurityContextHolder to anonymous SecurityContext
2026-02-21T08:41:58.590+05:30 DEBUG 18248 --- [appointment-booking] [http-nio-8082-exec-7] o.s.security.web.FilterChainProxy        : Secured POST /api/auth/login
2026-02-21T08:41:58.879+05:30 DEBUG 18248 --- [appointment-booking] [http-nio-8082-exec-9] o.s.security.web.FilterChainProxy        : Securing GET /api/services
2026-02-21T08:41:58.881+05:30 DEBUG 18248 --- [appointment-booking] [http-nio-8082-exec-10] o.s.security.web.FilterChainProxy        : Securing GET /api/cart
2026-02-21T08:41:58.893+05:30 DEBUG 18248 --- [appointment-booking] [http-nio-8082-exec-9] o.s.security.web.FilterChainProxy        : Secured GET /api/services
2026-02-21T08:41:58.894+05:30 DEBUG 18248 --- [appointment-booking] [http-nio-8082-exec-10] o.s.security.web.FilterChainProxy        : Secured GET /api/cart
2026-02-21T08:42:06.607+05:30 DEBUG 18248 --- [appointment-booking] [http-nio-8082-exec-2] o.s.security.web.FilterChainProxy        : Securing GET /api/services
2026-02-21T08:42:06.607+05:30 DEBUG 18248 --- [appointment-booking] [http-nio-8082-exec-1] o.s.security.web.FilterChainProxy        : Securing GET /api/cart
2026-02-21T08:42:06.613+05:30 DEBUG 18248 --- [appointment-booking] [http-nio-8082-exec-2] o.s.security.web.FilterChainProxy        : Secured GET /api/services
2026-02-21T08:42:06.613+05:30 DEBUG 18248 --- [appointment-booking] [http-nio-8082-exec-1] o.s.security.web.FilterChainProxy        : Secured GET /api/cart
2026-02-21T08:42:09.762+05:30 DEBUG 18248 --- [appointment-booking] [http-nio-8082-exec-4] o.s.security.web.FilterChainProxy        : Securing GET /api/cart
2026-02-21T08:42:09.752+05:30 DEBUG 18248 --- [appointment-booking] [http-nio-8082-exec-3] o.s.security.web.FilterChainProxy        : Securing GET /api/services
2026-02-21T08:42:09.773+05:30 DEBUG 18248 --- [appointment-booking] [http-nio-8082-exec-4] o.s.security.web.FilterChainProxy        : Secured GET /api/cart
2026-02-21T08:42:09.773+05:30 DEBUG 18248 --- [appointment-booking] [http-nio-8082-exec-3] o.s.security.web.FilterChainProxy        : Secured GET /api/services
2026-02-21T08:42:13.182+05:30 DEBUG 18248 --- [appointment-booking] [http-nio-8082-exec-5] o.s.security.web.FilterChainProxy        : Securing GET /api/services
2026-02-21T08:42:13.183+05:30 DEBUG 18248 --- [appointment-booking] [http-nio-8082-exec-6] o.s.security.web.FilterChainProxy        : Securing GET /api/cart
2026-02-21T08:42:13.194+05:30 DEBUG 18248 --- [appointment-booking] [http-nio-8082-exec-5] o.s.security.web.FilterChainProxy        : Secured GET /api/services
2026-02-21T08:42:13.197+05:30 DEBUG 18248 --- [appointment-booking] [http-nio-8082-exec-6] o.s.security.web.FilterChainProxy        : Secured GET /api/cart
2026-02-21T08:49:08.012+05:30  INFO 18248 --- [appointment-booking] [SpringApplicationShutdownHook] o.s.b.w.e.tomcat.GracefulShutdown        : Commencing graceful shutdown. Waiting for active requests to complete
2026-02-21T08:49:08.085+05:30  INFO 18248 --- [appointment-booking] [tomcat-shutdown] o.s.b.w.e.tomcat.GracefulShutdown        : Graceful shutdown complete
2026-02-21T08:49:08.096+05:30  INFO 18248 --- [appointment-booking] [SpringApplicationShutdownHook] j.LocalContainerEntityManagerFactoryBean : Closing JPA EntityManagerFactory for persistence unit 'default'
2026-02-21T08:49:08.101+05:30  INFO 18248 --- [appointment-booking] [SpringApplicationShutdownHook] com.zaxxer.hikari.HikariDataSource       : HikariPool-1 - Shutdown initiated...
2026-02-21T08:49:08.106+05:30  INFO 18248 --- [appointment-booking] [SpringApplicationShutdownHook] com.zaxxer.hikari.HikariDataSource       : HikariPool-1 - Shutdown completed.
2026-02-21T08:49:43.130+05:30  INFO 19420 --- [appointment-booking] [main] c.i.a.AppointmentBookingApplication      : Starting AppointmentBookingApplication using Java 17.0.12 with PID 19420 (D:\ikhodal-automotive\ikhodal-automotive\backend\appointment-booking\target\classes started by alisk in D:\ikhodal-automotive\ikhodal-automotive\backend\appointment-booking)
2026-02-21T08:49:43.138+05:30  INFO 19420 --- [appointment-booking] [main] c.i.a.AppointmentBookingApplication      : No active profile set, falling back to 1 default profile: "default"
2026-02-21T08:49:44.929+05:30  INFO 19420 --- [appointment-booking] [main] .s.d.r.c.RepositoryConfigurationDelegate : Bootstrapping Spring Data JPA repositories in DEFAULT mode.
2026-02-21T08:49:45.172+05:30  INFO 19420 --- [appointment-booking] [main] .s.d.r.c.RepositoryConfigurationDelegate : Finished Spring Data repository scanning in 226 ms. Found 11 JPA repository interfaces.
2026-02-21T08:49:46.445+05:30  INFO 19420 --- [appointment-booking] [main] o.s.b.w.embedded.tomcat.TomcatWebServer  : Tomcat initialized with port 8082 (http)
2026-02-21T08:49:46.472+05:30  INFO 19420 --- [appointment-booking] [main] o.apache.catalina.core.StandardService   : Starting service [Tomcat]
2026-02-21T08:49:46.472+05:30  INFO 19420 --- [appointment-booking] [main] o.apache.catalina.core.StandardEngine    : Starting Servlet engine: [Apache Tomcat/10.1.50]
2026-02-21T08:49:46.585+05:30  INFO 19420 --- [appointment-booking] [main] o.a.c.c.C.[Tomcat].[localhost].[/]       : Initializing Spring embedded WebApplicationContext
2026-02-21T08:49:46.586+05:30  INFO 19420 --- [appointment-booking] [main] w.s.c.ServletWebServerApplicationContext : Root WebApplicationContext: initialization completed in 3343 ms
2026-02-21T08:49:46.832+05:30  INFO 19420 --- [appointment-booking] [main] o.hibernate.jpa.internal.util.LogHelper  : HHH000204: Processing PersistenceUnitInfo [name: default]
2026-02-21T08:49:46.960+05:30  INFO 19420 --- [appointment-booking] [main] org.hibernate.Version                    : HHH000412: Hibernate ORM core version 6.6.39.Final
2026-02-21T08:49:47.033+05:30  INFO 19420 --- [appointment-booking] [main] o.h.c.internal.RegionFactoryInitiator    : HHH000026: Second-level cache disabled
2026-02-21T08:49:47.464+05:30  INFO 19420 --- [appointment-booking] [main] o.s.o.j.p.SpringPersistenceUnitInfo      : No LoadTimeWeaver setup: ignoring JPA class transformer
2026-02-21T08:49:47.521+05:30  INFO 19420 --- [appointment-booking] [main] com.zaxxer.hikari.HikariDataSource       : HikariPool-1 - Starting...
2026-02-21T08:49:47.803+05:30  INFO 19420 --- [appointment-booking] [main] com.zaxxer.hikari.pool.HikariPool        : HikariPool-1 - Added connection com.mysql.cj.jdbc.ConnectionImpl@393ae7a0
2026-02-21T08:49:47.811+05:30  INFO 19420 --- [appointment-booking] [main] com.zaxxer.hikari.HikariDataSource       : HikariPool-1 - Start completed.
2026-02-21T08:49:47.898+05:30  WARN 19420 --- [appointment-booking] [main] org.hibernate.orm.deprecation            : HHH90000025: MySQL8Dialect does not need to be specified explicitly using 'hibernate.dialect' (remove the property setting and it will be selected by default)
2026-02-21T08:49:47.901+05:30  WARN 19420 --- [appointment-booking] [main] org.hibernate.orm.deprecation            : HHH90000026: MySQL8Dialect has been deprecated; use org.hibernate.dialect.MySQLDialect instead
2026-02-21T08:49:47.930+05:30  INFO 19420 --- [appointment-booking] [main] org.hibernate.orm.connections.pooling    : HHH10001005: Database info:
	Database JDBC URL [Connecting through datasource 'HikariDataSource (HikariPool-1)']
	Database driver: undefined/unknown
	Database version: 8.0
	Autocommit mode: undefined/unknown
	Isolation level: undefined/unknown
	Minimum pool size: undefined/unknown
	Maximum pool size: undefined/unknown
2026-02-21T08:49:49.739+05:30  INFO 19420 --- [appointment-booking] [main] o.h.e.t.j.p.i.JtaPlatformInitiator       : HHH000489: No JTA platform available (set 'hibernate.transaction.jta.platform' to enable JTA platform integration)
2026-02-21T08:49:49.964+05:30  INFO 19420 --- [appointment-booking] [main] j.LocalContainerEntityManagerFactoryBean : Initialized JPA EntityManagerFactory for persistence unit 'default'
2026-02-21T08:49:49.981+05:30  INFO 19420 --- [appointment-booking] [main] c.i.appointment.config.StripeConfig      : Stripe API key initialized
2026-02-21T08:49:50.451+05:30  INFO 19420 --- [appointment-booking] [main] o.s.d.j.r.query.QueryEnhancerFactory     : Hibernate is in classpath; If applicable, HQL parser will be used.
2026-02-21T08:49:51.923+05:30  WARN 19420 --- [appointment-booking] [main] JpaBaseConfiguration$JpaWebConfiguration : spring.jpa.open-in-view is enabled by default. Therefore, database queries may be performed during view rendering. Explicitly configure spring.jpa.open-in-view to disable this warning
2026-02-21T08:49:51.996+05:30 DEBUG 19420 --- [appointment-booking] [main] swordEncoderAuthenticationManagerBuilder : No authenticationProviders and no parentAuthenticationManager defined. Returning null.
2026-02-21T08:49:52.771+05:30 DEBUG 19420 --- [appointment-booking] [main] o.s.s.web.DefaultSecurityFilterChain     : Will secure any request with filters: DisableEncodeUrlFilter, WebAsyncManagerIntegrationFilter, SecurityContextHolderFilter, HeaderWriterFilter, CorsFilter, LogoutFilter, JWTFilter, RequestCacheAwareFilter, SecurityContextHolderAwareRequestFilter, AnonymousAuthenticationFilter, SessionManagementFilter, ExceptionTranslationFilter, AuthorizationFilter
2026-02-21T08:49:53.776+05:30  INFO 19420 --- [appointment-booking] [main] o.s.b.w.embedded.tomcat.TomcatWebServer  : Tomcat started on port 8082 (http) with context path '/'
2026-02-21T08:49:53.818+05:30  INFO 19420 --- [appointment-booking] [main] c.i.a.AppointmentBookingApplication      : Started AppointmentBookingApplication in 11.878 seconds (process running for 12.521)
2026-02-21T08:50:15.840+05:30  INFO 19420 --- [appointment-booking] [http-nio-8082-exec-1] o.a.c.c.C.[Tomcat].[localhost].[/]       : Initializing Spring DispatcherServlet 'dispatcherServlet'
2026-02-21T08:50:15.842+05:30  INFO 19420 --- [appointment-booking] [http-nio-8082-exec-1] o.s.web.servlet.DispatcherServlet        : Initializing Servlet 'dispatcherServlet'
2026-02-21T08:50:15.843+05:30  INFO 19420 --- [appointment-booking] [http-nio-8082-exec-1] o.s.web.servlet.DispatcherServlet        : Completed initialization in 1 ms
2026-02-21T08:50:15.883+05:30 DEBUG 19420 --- [appointment-booking] [http-nio-8082-exec-1] o.s.security.web.FilterChainProxy        : Securing OPTIONS /api/auth/login
2026-02-21T08:50:15.936+05:30 DEBUG 19420 --- [appointment-booking] [http-nio-8082-exec-4] o.s.security.web.FilterChainProxy        : Securing POST /api/auth/login
2026-02-21T08:50:15.947+05:30 DEBUG 19420 --- [appointment-booking] [http-nio-8082-exec-4] o.s.s.w.a.AnonymousAuthenticationFilter  : Set SecurityContextHolder to anonymous SecurityContext
2026-02-21T08:50:15.948+05:30 DEBUG 19420 --- [appointment-booking] [http-nio-8082-exec-4] o.s.security.web.FilterChainProxy        : Secured POST /api/auth/login
2026-02-21T08:50:16.498+05:30 DEBUG 19420 --- [appointment-booking] [http-nio-8082-exec-5] o.s.security.web.FilterChainProxy        : Securing OPTIONS /api/services
2026-02-21T08:50:16.516+05:30 DEBUG 19420 --- [appointment-booking] [http-nio-8082-exec-6] o.s.security.web.FilterChainProxy        : Securing OPTIONS /api/cart
2026-02-21T08:50:16.516+05:30 DEBUG 19420 --- [appointment-booking] [http-nio-8082-exec-7] o.s.security.web.FilterChainProxy        : Securing GET /api/services
2026-02-21T08:50:16.530+05:30 DEBUG 19420 --- [appointment-booking] [http-nio-8082-exec-10] o.s.security.web.FilterChainProxy        : Securing GET /api/cart
2026-02-21T08:50:16.572+05:30 DEBUG 19420 --- [appointment-booking] [http-nio-8082-exec-7] o.s.security.web.FilterChainProxy        : Secured GET /api/services
2026-02-21T08:50:16.572+05:30 DEBUG 19420 --- [appointment-booking] [http-nio-8082-exec-10] o.s.security.web.FilterChainProxy        : Secured GET /api/cart
2026-02-21T08:50:44.768+05:30 DEBUG 19420 --- [appointment-booking] [http-nio-8082-exec-2] o.s.security.web.FilterChainProxy        : Securing OPTIONS /api/cart
2026-02-21T08:50:44.784+05:30 DEBUG 19420 --- [appointment-booking] [http-nio-8082-exec-3] o.s.security.web.FilterChainProxy        : Securing POST /api/cart
2026-02-21T08:50:44.794+05:30 DEBUG 19420 --- [appointment-booking] [http-nio-8082-exec-3] o.s.security.web.FilterChainProxy        : Secured POST /api/cart
2026-02-21T08:50:46.048+05:30 DEBUG 19420 --- [appointment-booking] [http-nio-8082-exec-8] o.s.security.web.FilterChainProxy        : Securing GET /api/cart
2026-02-21T08:50:46.051+05:30 DEBUG 19420 --- [appointment-booking] [http-nio-8082-exec-8] o.s.security.web.FilterChainProxy        : Secured GET /api/cart
2026-02-21T08:50:46.081+05:30 DEBUG 19420 --- [appointment-booking] [http-nio-8082-exec-9] o.s.security.web.FilterChainProxy        : Securing GET /api/cart
2026-02-21T08:50:46.096+05:30 DEBUG 19420 --- [appointment-booking] [http-nio-8082-exec-9] o.s.security.web.FilterChainProxy        : Secured GET /api/cart
2026-02-21T08:50:49.613+05:30 DEBUG 19420 --- [appointment-booking] [http-nio-8082-exec-1] o.s.security.web.FilterChainProxy        : Securing OPTIONS /api/cart/2
2026-02-21T08:50:49.628+05:30 DEBUG 19420 --- [appointment-booking] [http-nio-8082-exec-4] o.s.security.web.FilterChainProxy        : Securing PUT /api/cart/2
2026-02-21T08:50:49.639+05:30 DEBUG 19420 --- [appointment-booking] [http-nio-8082-exec-4] o.s.security.web.FilterChainProxy        : Secured PUT /api/cart/2
2026-02-21T08:50:58.272+05:30 DEBUG 19420 --- [appointment-booking] [http-nio-8082-exec-5] o.s.security.web.FilterChainProxy        : Securing OPTIONS /api/availability/slots?date=2026-02-27
2026-02-21T08:50:58.290+05:30 DEBUG 19420 --- [appointment-booking] [http-nio-8082-exec-6] o.s.security.web.FilterChainProxy        : Securing GET /api/availability/slots?date=2026-02-27
2026-02-21T08:50:58.304+05:30 DEBUG 19420 --- [appointment-booking] [http-nio-8082-exec-6] o.s.security.web.FilterChainProxy        : Secured GET /api/availability/slots?date=2026-02-27
2026-02-21T08:50:58.399+05:30  INFO 19420 --- [appointment-booking] [http-nio-8082-exec-6] c.i.a.s.impl.AvailabilityServiceImpl     : Total slots generated: 7
2026-02-21T08:51:32.241+05:30 DEBUG 19420 --- [appointment-booking] [http-nio-8082-exec-7] o.s.security.web.FilterChainProxy        : Securing OPTIONS /api/createBooking
2026-02-21T08:51:32.256+05:30 DEBUG 19420 --- [appointment-booking] [http-nio-8082-exec-10] o.s.security.web.FilterChainProxy        : Securing POST /api/createBooking
2026-02-21T08:51:32.266+05:30 DEBUG 19420 --- [appointment-booking] [http-nio-8082-exec-10] o.s.security.web.FilterChainProxy        : Secured POST /api/createBooking
2026-02-21T08:51:32.455+05:30 DEBUG 19420 --- [appointment-booking] [http-nio-8082-exec-2] o.s.security.web.FilterChainProxy        : Securing OPTIONS /api/bookings/8
2026-02-21T08:51:32.465+05:30 DEBUG 19420 --- [appointment-booking] [http-nio-8082-exec-3] o.s.security.web.FilterChainProxy        : Securing GET /api/bookings/8
2026-02-21T08:51:32.480+05:30 DEBUG 19420 --- [appointment-booking] [http-nio-8082-exec-3] o.s.security.web.FilterChainProxy        : Secured GET /api/bookings/8
2026-02-21T08:51:32.550+05:30 DEBUG 19420 --- [appointment-booking] [http-nio-8082-exec-8] o.s.security.web.FilterChainProxy        : Securing OPTIONS /api/payments/create-intent
2026-02-21T08:51:32.564+05:30 DEBUG 19420 --- [appointment-booking] [http-nio-8082-exec-9] o.s.security.web.FilterChainProxy        : Securing POST /api/payments/create-intent
2026-02-21T08:51:32.577+05:30 DEBUG 19420 --- [appointment-booking] [http-nio-8082-exec-9] o.s.security.web.FilterChainProxy        : Secured POST /api/payments/create-intent
2026-02-21T08:51:32.582+05:30  INFO 19420 --- [appointment-booking] [http-nio-8082-exec-9] c.i.a.controller.PaymentController       : Received create payment intent request for appointmentId=8
2026-02-21T08:51:32.583+05:30  INFO 19420 --- [appointment-booking] [http-nio-8082-exec-9] c.i.a.service.impl.PaymentServiceImpl    : Calculating total amount for appointmentId=8
2026-02-21T08:51:32.593+05:30  INFO 19420 --- [appointment-booking] [http-nio-8082-exec-9] c.i.a.service.impl.PaymentServiceImpl    : Total amount calculated=497.00 for appointmentId=8
2026-02-21T08:51:32.594+05:30  INFO 19420 --- [appointment-booking] [http-nio-8082-exec-9] c.i.a.service.impl.PaymentServiceImpl    : Starting PaymentIntent creation for appointmentId=8
2026-02-21T08:51:32.594+05:30  INFO 19420 --- [appointment-booking] [http-nio-8082-exec-9] c.i.a.service.impl.PaymentServiceImpl    : Validating payment eligibility for appointmentId=8
2026-02-21T08:51:32.630+05:30  INFO 19420 --- [appointment-booking] [http-nio-8082-exec-9] c.i.a.service.impl.PaymentServiceImpl    : Payment eligibility validated successfully for appointmentId=8
2026-02-21T08:51:32.632+05:30  INFO 19420 --- [appointment-booking] [http-nio-8082-exec-9] c.i.a.service.impl.PaymentServiceImpl    : Calculating total amount for appointmentId=8
2026-02-21T08:51:32.632+05:30  INFO 19420 --- [appointment-booking] [http-nio-8082-exec-9] c.i.a.service.impl.PaymentServiceImpl    : Total amount calculated=497.00 for appointmentId=8
2026-02-21T08:51:34.066+05:30  INFO 19420 --- [appointment-booking] [http-nio-8082-exec-9] c.i.a.service.impl.PaymentServiceImpl    : PaymentIntent created successfully. appointmentId=8, stripePaymentId=pi_3T36l9RWQnOyDE4N0W7uv3z2
2026-02-21T08:57:24.510+05:30  INFO 19420 --- [appointment-booking] [SpringApplicationShutdownHook] o.s.b.w.e.tomcat.GracefulShutdown        : Commencing graceful shutdown. Waiting for active requests to complete
2026-02-21T08:57:24.575+05:30  INFO 19420 --- [appointment-booking] [tomcat-shutdown] o.s.b.w.e.tomcat.GracefulShutdown        : Graceful shutdown complete
2026-02-21T08:57:24.582+05:30  INFO 19420 --- [appointment-booking] [SpringApplicationShutdownHook] j.LocalContainerEntityManagerFactoryBean : Closing JPA EntityManagerFactory for persistence unit 'default'
2026-02-21T08:57:24.587+05:30  INFO 19420 --- [appointment-booking] [SpringApplicationShutdownHook] com.zaxxer.hikari.HikariDataSource       : HikariPool-1 - Shutdown initiated...
2026-02-21T08:57:24.598+05:30  INFO 19420 --- [appointment-booking] [SpringApplicationShutdownHook] com.zaxxer.hikari.HikariDataSource       : HikariPool-1 - Shutdown completed.
